{"/home/blavogiez/Documents/Github/openlatex.github.io/backend/compiler/Compiler.js": {"path":"/home/blavogiez/Documents/Github/openlatex.github.io/backend/compiler/Compiler.js","statementMap":{"0":{"start":{"line":1,"column":17},"end":{"line":1,"column":41}},"1":{"start":{"line":2,"column":13},"end":{"line":2,"column":28}},"2":{"start":{"line":3,"column":11},"end":{"line":3,"column":33}},"3":{"start":{"line":4,"column":13},"end":{"line":4,"column":28}},"4":{"start":{"line":6,"column":20},"end":{"line":6,"column":40}},"5":{"start":{"line":10,"column":28},"end":{"line":10,"column":70}},"6":{"start":{"line":11,"column":29},"end":{"line":11,"column":52}},"7":{"start":{"line":13,"column":8},"end":{"line":15,"column":9}},"8":{"start":{"line":14,"column":12},"end":{"line":14,"column":55}},"9":{"start":{"line":17,"column":28},"end":{"line":17,"column":66}},"10":{"start":{"line":18,"column":28},"end":{"line":18,"column":63}},"11":{"start":{"line":20,"column":20},"end":{"line":20,"column":88}},"12":{"start":{"line":22,"column":8},"end":{"line":22,"column":45}},"13":{"start":{"line":24,"column":8},"end":{"line":74,"column":9}},"14":{"start":{"line":25,"column":39},"end":{"line":29,"column":14}},"15":{"start":{"line":31,"column":12},"end":{"line":31,"column":44}},"16":{"start":{"line":32,"column":12},"end":{"line":32,"column":49}},"17":{"start":{"line":33,"column":12},"end":{"line":33,"column":32}},"18":{"start":{"line":34,"column":12},"end":{"line":36,"column":13}},"19":{"start":{"line":35,"column":16},"end":{"line":35,"column":47}},"20":{"start":{"line":38,"column":30},"end":{"line":38,"column":60}},"21":{"start":{"line":39,"column":12},"end":{"line":39,"column":71}},"22":{"start":{"line":41,"column":12},"end":{"line":46,"column":14}},"23":{"start":{"line":48,"column":12},"end":{"line":48,"column":62}},"24":{"start":{"line":49,"column":12},"end":{"line":52,"column":13}},"25":{"start":{"line":50,"column":16},"end":{"line":50,"column":60}},"26":{"start":{"line":51,"column":16},"end":{"line":51,"column":42}},"27":{"start":{"line":53,"column":12},"end":{"line":55,"column":13}},"28":{"start":{"line":54,"column":16},"end":{"line":54,"column":53}},"29":{"start":{"line":57,"column":30},"end":{"line":57,"column":64}},"30":{"start":{"line":58,"column":12},"end":{"line":67,"column":13}},"31":{"start":{"line":59,"column":16},"end":{"line":59,"column":61}},"32":{"start":{"line":60,"column":34},"end":{"line":60,"column":64}},"33":{"start":{"line":61,"column":16},"end":{"line":66,"column":18}},"34":{"start":{"line":69,"column":12},"end":{"line":73,"column":14}},"35":{"start":{"line":78,"column":8},"end":{"line":83,"column":9}},"36":{"start":{"line":79,"column":12},"end":{"line":79,"column":38}},"37":{"start":{"line":80,"column":12},"end":{"line":80,"column":24}},"38":{"start":{"line":82,"column":12},"end":{"line":82,"column":25}},"39":{"start":{"line":87,"column":0},"end":{"line":87,"column":26}}},"fnMap":{"0":{"name":"(anonymous_0)","decl":{"start":{"line":9,"column":4},"end":{"line":9,"column":5}},"loc":{"start":{"line":9,"column":44},"end":{"line":75,"column":5}},"line":9},"1":{"name":"(anonymous_1)","decl":{"start":{"line":77,"column":4},"end":{"line":77,"column":5}},"loc":{"start":{"line":77,"column":38},"end":{"line":84,"column":5}},"line":77}},"branchMap":{"0":{"loc":{"start":{"line":13,"column":8},"end":{"line":15,"column":9}},"type":"if","locations":[{"start":{"line":13,"column":8},"end":{"line":15,"column":9}},{"start":{},"end":{}}],"line":13},"1":{"loc":{"start":{"line":34,"column":12},"end":{"line":36,"column":13}},"type":"if","locations":[{"start":{"line":34,"column":12},"end":{"line":36,"column":13}},{"start":{},"end":{}}],"line":34},"2":{"loc":{"start":{"line":49,"column":12},"end":{"line":52,"column":13}},"type":"if","locations":[{"start":{"line":49,"column":12},"end":{"line":52,"column":13}},{"start":{},"end":{}}],"line":49},"3":{"loc":{"start":{"line":53,"column":12},"end":{"line":55,"column":13}},"type":"if","locations":[{"start":{"line":53,"column":12},"end":{"line":55,"column":13}},{"start":{},"end":{}}],"line":53},"4":{"loc":{"start":{"line":58,"column":12},"end":{"line":67,"column":13}},"type":"if","locations":[{"start":{"line":58,"column":12},"end":{"line":67,"column":13}},{"start":{},"end":{}}],"line":58},"5":{"loc":{"start":{"line":64,"column":26},"end":{"line":64,"column":60}},"type":"binary-expr","locations":[{"start":{"line":64,"column":26},"end":{"line":64,"column":38}},{"start":{"line":64,"column":42},"end":{"line":64,"column":54}},{"start":{"line":64,"column":58},"end":{"line":64,"column":60}}],"line":64},"6":{"loc":{"start":{"line":72,"column":22},"end":{"line":72,"column":56}},"type":"binary-expr","locations":[{"start":{"line":72,"column":22},"end":{"line":72,"column":34}},{"start":{"line":72,"column":38},"end":{"line":72,"column":50}},{"start":{"line":72,"column":54},"end":{"line":72,"column":56}}],"line":72}},"s":{"0":2,"1":2,"2":2,"3":2,"4":2,"5":7,"6":7,"7":7,"8":3,"9":4,"10":4,"11":4,"12":4,"13":4,"14":4,"15":2,"16":2,"17":2,"18":2,"19":0,"20":2,"21":2,"22":2,"23":2,"24":2,"25":2,"26":2,"27":2,"28":1,"29":2,"30":2,"31":1,"32":1,"33":1,"34":1,"35":4,"36":4,"37":2,"38":2,"39":2},"f":{"0":7,"1":4},"b":{"0":[3,4],"1":[0,2],"2":[2,0],"3":[1,1],"4":[1,1],"5":[1,0,0],"6":[1,0,0]},"_coverageSchema":"1a1c01bbd47fc00a2c39e90264f33305004495a9","hash":"ae0b97f9a36802ebea5a3f2651049ecd10ea9205"}
,"/home/blavogiez/Documents/Github/openlatex.github.io/backend/compiler/FileManager.js": {"path":"/home/blavogiez/Documents/Github/openlatex.github.io/backend/compiler/FileManager.js","statementMap":{"0":{"start":{"line":1,"column":11},"end":{"line":1,"column":33}},"1":{"start":{"line":2,"column":13},"end":{"line":2,"column":28}},"2":{"start":{"line":6,"column":20},"end":{"line":6,"column":59}},"3":{"start":{"line":7,"column":8},"end":{"line":7,"column":49}},"4":{"start":{"line":8,"column":8},"end":{"line":8,"column":19}},"5":{"start":{"line":12,"column":8},"end":{"line":36,"column":9}},"6":{"start":{"line":13,"column":12},"end":{"line":15,"column":13}},"7":{"start":{"line":14,"column":16},"end":{"line":14,"column":62}},"8":{"start":{"line":17,"column":29},"end":{"line":17,"column":58}},"9":{"start":{"line":18,"column":35},"end":{"line":18,"column":59}},"10":{"start":{"line":20,"column":12},"end":{"line":22,"column":13}},"11":{"start":{"line":21,"column":16},"end":{"line":21,"column":88}},"12":{"start":{"line":24,"column":28},"end":{"line":24,"column":50}},"13":{"start":{"line":25,"column":12},"end":{"line":25,"column":57}},"14":{"start":{"line":27,"column":29},"end":{"line":27,"column":60}},"15":{"start":{"line":28,"column":12},"end":{"line":28,"column":87}},"16":{"start":{"line":30,"column":12},"end":{"line":35,"column":13}},"17":{"start":{"line":31,"column":31},"end":{"line":31,"column":66}},"18":{"start":{"line":32,"column":16},"end":{"line":32,"column":53}},"19":{"start":{"line":34,"column":16},"end":{"line":34,"column":68}},"20":{"start":{"line":40,"column":8},"end":{"line":44,"column":9}},"21":{"start":{"line":41,"column":12},"end":{"line":41,"column":63}},"22":{"start":{"line":43,"column":12},"end":{"line":43,"column":61}},"23":{"start":{"line":48,"column":33},"end":{"line":48,"column":90}},"24":{"start":{"line":49,"column":20},"end":{"line":49,"column":75}},"25":{"start":{"line":50,"column":8},"end":{"line":50,"column":46}},"26":{"start":{"line":54,"column":0},"end":{"line":54,"column":29}}},"fnMap":{"0":{"name":"(anonymous_0)","decl":{"start":{"line":5,"column":4},"end":{"line":5,"column":5}},"loc":{"start":{"line":5,"column":45},"end":{"line":9,"column":5}},"line":5},"1":{"name":"(anonymous_1)","decl":{"start":{"line":11,"column":4},"end":{"line":11,"column":5}},"loc":{"start":{"line":11,"column":44},"end":{"line":37,"column":5}},"line":11},"2":{"name":"(anonymous_2)","decl":{"start":{"line":39,"column":4},"end":{"line":39,"column":5}},"loc":{"start":{"line":39,"column":30},"end":{"line":45,"column":5}},"line":39},"3":{"name":"(anonymous_3)","decl":{"start":{"line":47,"column":4},"end":{"line":47,"column":5}},"loc":{"start":{"line":47,"column":37},"end":{"line":51,"column":5}},"line":47}},"branchMap":{"0":{"loc":{"start":{"line":13,"column":12},"end":{"line":15,"column":13}},"type":"if","locations":[{"start":{"line":13,"column":12},"end":{"line":15,"column":13}},{"start":{},"end":{}}],"line":13},"1":{"loc":{"start":{"line":13,"column":16},"end":{"line":13,"column":70}},"type":"binary-expr","locations":[{"start":{"line":13,"column":16},"end":{"line":13,"column":40}},{"start":{"line":13,"column":44},"end":{"line":13,"column":70}}],"line":13},"2":{"loc":{"start":{"line":20,"column":12},"end":{"line":22,"column":13}},"type":"if","locations":[{"start":{"line":20,"column":12},"end":{"line":22,"column":13}},{"start":{},"end":{}}],"line":20},"3":{"loc":{"start":{"line":28,"column":52},"end":{"line":28,"column":82}},"type":"cond-expr","locations":[{"start":{"line":28,"column":63},"end":{"line":28,"column":72}},{"start":{"line":28,"column":75},"end":{"line":28,"column":82}}],"line":28},"4":{"loc":{"start":{"line":30,"column":12},"end":{"line":35,"column":13}},"type":"if","locations":[{"start":{"line":30,"column":12},"end":{"line":35,"column":13}},{"start":{"line":33,"column":19},"end":{"line":35,"column":13}}],"line":30}},"s":{"0":2,"1":2,"2":1,"3":1,"4":1,"5":6,"6":6,"7":3,"8":3,"9":3,"10":3,"11":0,"12":3,"13":3,"14":3,"15":3,"16":3,"17":1,"18":1,"19":2,"20":2,"21":2,"22":1,"23":9,"24":9,"25":9,"26":2},"f":{"0":1,"1":6,"2":2,"3":9},"b":{"0":[3,3],"1":[6,4],"2":[0,3],"3":[1,2],"4":[1,2]},"_coverageSchema":"1a1c01bbd47fc00a2c39e90264f33305004495a9","hash":"1caeb92ae3171595a8b45e0a0d32f6e6906181c8"}
,"/home/blavogiez/Documents/Github/openlatex.github.io/backend/db/pool.js": {"path":"/home/blavogiez/Documents/Github/openlatex.github.io/backend/db/pool.js","statementMap":{"0":{"start":{"line":1,"column":17},"end":{"line":1,"column":30}},"1":{"start":{"line":2,"column":0},"end":{"line":2,"column":27}},"2":{"start":{"line":4,"column":13},"end":{"line":10,"column":2}},"3":{"start":{"line":12,"column":0},"end":{"line":14,"column":3}},"4":{"start":{"line":13,"column":4},"end":{"line":13,"column":50}},"5":{"start":{"line":16,"column":0},"end":{"line":19,"column":3}},"6":{"start":{"line":17,"column":4},"end":{"line":17,"column":43}},"7":{"start":{"line":18,"column":4},"end":{"line":18,"column":21}},"8":{"start":{"line":21,"column":17},"end":{"line":21,"column":59}},"9":{"start":{"line":21,"column":35},"end":{"line":21,"column":59}},"10":{"start":{"line":23,"column":0},"end":{"line":23,"column":30}}},"fnMap":{"0":{"name":"(anonymous_0)","decl":{"start":{"line":12,"column":19},"end":{"line":12,"column":20}},"loc":{"start":{"line":12,"column":25},"end":{"line":14,"column":1}},"line":12},"1":{"name":"(anonymous_1)","decl":{"start":{"line":16,"column":17},"end":{"line":16,"column":18}},"loc":{"start":{"line":16,"column":26},"end":{"line":19,"column":1}},"line":16},"2":{"name":"(anonymous_2)","decl":{"start":{"line":21,"column":17},"end":{"line":21,"column":18}},"loc":{"start":{"line":21,"column":35},"end":{"line":21,"column":59}},"line":21}},"branchMap":{},"s":{"0":3,"1":3,"2":3,"3":3,"4":0,"5":3,"6":0,"7":0,"8":3,"9":3,"10":3},"f":{"0":0,"1":0,"2":3},"b":{},"_coverageSchema":"1a1c01bbd47fc00a2c39e90264f33305004495a9","hash":"4b5b99017f479286adb75c6e23af6d7824250633"}
,"/home/blavogiez/Documents/Github/openlatex.github.io/backend/middleware/auth.js": {"path":"/home/blavogiez/Documents/Github/openlatex.github.io/backend/middleware/auth.js","statementMap":{"0":{"start":{"line":1,"column":12},"end":{"line":1,"column":35}},"1":{"start":{"line":2,"column":0},"end":{"line":2,"column":27}},"2":{"start":{"line":4,"column":23},"end":{"line":19,"column":1}},"3":{"start":{"line":5,"column":23},"end":{"line":5,"column":48}},"4":{"start":{"line":6,"column":18},"end":{"line":6,"column":80}},"5":{"start":{"line":8,"column":4},"end":{"line":10,"column":5}},"6":{"start":{"line":9,"column":8},"end":{"line":9,"column":65}},"7":{"start":{"line":12,"column":4},"end":{"line":18,"column":5}},"8":{"start":{"line":13,"column":24},"end":{"line":13,"column":65}},"9":{"start":{"line":14,"column":8},"end":{"line":14,"column":36}},"10":{"start":{"line":15,"column":8},"end":{"line":15,"column":15}},"11":{"start":{"line":17,"column":8},"end":{"line":17,"column":65}},"12":{"start":{"line":21,"column":0},"end":{"line":21,"column":32}}},"fnMap":{"0":{"name":"(anonymous_0)","decl":{"start":{"line":4,"column":23},"end":{"line":4,"column":24}},"loc":{"start":{"line":4,"column":43},"end":{"line":19,"column":1}},"line":4}},"branchMap":{"0":{"loc":{"start":{"line":6,"column":18},"end":{"line":6,"column":80}},"type":"cond-expr","locations":[{"start":{"line":6,"column":54},"end":{"line":6,"column":73}},{"start":{"line":6,"column":76},"end":{"line":6,"column":80}}],"line":6},"1":{"loc":{"start":{"line":8,"column":4},"end":{"line":10,"column":5}},"type":"if","locations":[{"start":{"line":8,"column":4},"end":{"line":10,"column":5}},{"start":{},"end":{}}],"line":8}},"s":{"0":2,"1":2,"2":2,"3":4,"4":4,"5":4,"6":2,"7":2,"8":2,"9":1,"10":1,"11":1,"12":2},"f":{"0":4},"b":{"0":[2,2],"1":[2,2]},"_coverageSchema":"1a1c01bbd47fc00a2c39e90264f33305004495a9","hash":"95851cda968e59f2d6dbfe70a66024a76073528f"}
,"/home/blavogiez/Documents/Github/openlatex.github.io/backend/middleware/rateLimiter.js": {"path":"/home/blavogiez/Documents/Github/openlatex.github.io/backend/middleware/rateLimiter.js","statementMap":{"0":{"start":{"line":1,"column":18},"end":{"line":1,"column":47}},"1":{"start":{"line":2,"column":12},"end":{"line":2,"column":35}},"2":{"start":{"line":3,"column":0},"end":{"line":3,"column":27}},"3":{"start":{"line":6,"column":21},"end":{"line":12,"column":2}},"4":{"start":{"line":15,"column":20},"end":{"line":37,"column":2}},"5":{"start":{"line":22,"column":27},"end":{"line":22,"column":52}},"6":{"start":{"line":23,"column":22},"end":{"line":23,"column":84}},"7":{"start":{"line":24,"column":8},"end":{"line":33,"column":9}},"8":{"start":{"line":25,"column":12},"end":{"line":32,"column":13}},"9":{"start":{"line":26,"column":32},"end":{"line":26,"column":73}},"10":{"start":{"line":27,"column":16},"end":{"line":27,"column":70}},"11":{"start":{"line":28,"column":16},"end":{"line":28,"column":48}},"12":{"start":{"line":30,"column":16},"end":{"line":30,"column":79}},"13":{"start":{"line":31,"column":16},"end":{"line":31,"column":30}},"14":{"start":{"line":34,"column":8},"end":{"line":34,"column":64}},"15":{"start":{"line":35,"column":8},"end":{"line":35,"column":22}},"16":{"start":{"line":39,"column":0},"end":{"line":39,"column":47}}},"fnMap":{"0":{"name":"(anonymous_0)","decl":{"start":{"line":21,"column":18},"end":{"line":21,"column":19}},"loc":{"start":{"line":21,"column":27},"end":{"line":36,"column":5}},"line":21}},"branchMap":{"0":{"loc":{"start":{"line":23,"column":22},"end":{"line":23,"column":84}},"type":"cond-expr","locations":[{"start":{"line":23,"column":58},"end":{"line":23,"column":77}},{"start":{"line":23,"column":80},"end":{"line":23,"column":84}}],"line":23},"1":{"loc":{"start":{"line":24,"column":8},"end":{"line":33,"column":9}},"type":"if","locations":[{"start":{"line":24,"column":8},"end":{"line":33,"column":9}},{"start":{},"end":{}}],"line":24}},"s":{"0":8,"1":8,"2":8,"3":8,"4":8,"5":4,"6":4,"7":4,"8":2,"9":2,"10":1,"11":1,"12":1,"13":1,"14":2,"15":2,"16":8},"f":{"0":4},"b":{"0":[2,2],"1":[2,2]},"_coverageSchema":"1a1c01bbd47fc00a2c39e90264f33305004495a9","hash":"cd7901ab9539b9251a7c545b8e16b1bc8a513c0f"}
,"/home/blavogiez/Documents/Github/openlatex.github.io/backend/routes/auth.js": {"path":"/home/blavogiez/Documents/Github/openlatex.github.io/backend/routes/auth.js","statementMap":{"0":{"start":{"line":1,"column":16},"end":{"line":1,"column":34}},"1":{"start":{"line":2,"column":15},"end":{"line":2,"column":32}},"2":{"start":{"line":3,"column":12},"end":{"line":3,"column":35}},"3":{"start":{"line":4,"column":21},"end":{"line":4,"column":42}},"4":{"start":{"line":5,"column":0},"end":{"line":5,"column":27}},"5":{"start":{"line":7,"column":15},"end":{"line":7,"column":31}},"6":{"start":{"line":9,"column":0},"end":{"line":35,"column":3}},"7":{"start":{"line":10,"column":32},"end":{"line":10,"column":40}},"8":{"start":{"line":12,"column":4},"end":{"line":14,"column":5}},"9":{"start":{"line":13,"column":8},"end":{"line":13,"column":75}},"10":{"start":{"line":16,"column":4},"end":{"line":34,"column":5}},"11":{"start":{"line":17,"column":25},"end":{"line":17,"column":90}},"12":{"start":{"line":19,"column":8},"end":{"line":21,"column":9}},"13":{"start":{"line":20,"column":12},"end":{"line":20,"column":97}},"14":{"start":{"line":23,"column":31},"end":{"line":23,"column":62}},"15":{"start":{"line":25,"column":8},"end":{"line":28,"column":10}},"16":{"start":{"line":30,"column":8},"end":{"line":30,"column":62}},"17":{"start":{"line":32,"column":8},"end":{"line":32,"column":47}},"18":{"start":{"line":33,"column":8},"end":{"line":33,"column":75}},"19":{"start":{"line":37,"column":0},"end":{"line":69,"column":3}},"20":{"start":{"line":38,"column":32},"end":{"line":38,"column":40}},"21":{"start":{"line":40,"column":4},"end":{"line":42,"column":5}},"22":{"start":{"line":41,"column":8},"end":{"line":41,"column":75}},"23":{"start":{"line":44,"column":4},"end":{"line":68,"column":5}},"24":{"start":{"line":45,"column":23},"end":{"line":45,"column":98}},"25":{"start":{"line":47,"column":8},"end":{"line":49,"column":9}},"26":{"start":{"line":48,"column":12},"end":{"line":48,"column":78}},"27":{"start":{"line":51,"column":21},"end":{"line":51,"column":35}},"28":{"start":{"line":52,"column":24},"end":{"line":52,"column":69}},"29":{"start":{"line":54,"column":8},"end":{"line":56,"column":9}},"30":{"start":{"line":55,"column":12},"end":{"line":55,"column":78}},"31":{"start":{"line":58,"column":22},"end":{"line":62,"column":9}},"32":{"start":{"line":64,"column":8},"end":{"line":64,"column":28}},"33":{"start":{"line":66,"column":8},"end":{"line":66,"column":44}},"34":{"start":{"line":67,"column":8},"end":{"line":67,"column":72}},"35":{"start":{"line":71,"column":0},"end":{"line":73,"column":3}},"36":{"start":{"line":72,"column":4},"end":{"line":72,"column":40}},"37":{"start":{"line":75,"column":0},"end":{"line":99,"column":3}},"38":{"start":{"line":76,"column":23},"end":{"line":76,"column":48}},"39":{"start":{"line":77,"column":18},"end":{"line":77,"column":80}},"40":{"start":{"line":79,"column":4},"end":{"line":81,"column":5}},"41":{"start":{"line":80,"column":8},"end":{"line":80,"column":81}},"42":{"start":{"line":83,"column":4},"end":{"line":98,"column":5}},"43":{"start":{"line":84,"column":24},"end":{"line":84,"column":65}},"44":{"start":{"line":85,"column":23},"end":{"line":85,"column":102}},"45":{"start":{"line":87,"column":8},"end":{"line":89,"column":9}},"46":{"start":{"line":88,"column":12},"end":{"line":88,"column":91}},"47":{"start":{"line":91,"column":8},"end":{"line":95,"column":11}},"48":{"start":{"line":97,"column":8},"end":{"line":97,"column":92}},"49":{"start":{"line":101,"column":0},"end":{"line":101,"column":24}}},"fnMap":{"0":{"name":"(anonymous_0)","decl":{"start":{"line":9,"column":25},"end":{"line":9,"column":26}},"loc":{"start":{"line":9,"column":45},"end":{"line":35,"column":1}},"line":9},"1":{"name":"(anonymous_1)","decl":{"start":{"line":37,"column":22},"end":{"line":37,"column":23}},"loc":{"start":{"line":37,"column":42},"end":{"line":69,"column":1}},"line":37},"2":{"name":"(anonymous_2)","decl":{"start":{"line":71,"column":23},"end":{"line":71,"column":24}},"loc":{"start":{"line":71,"column":37},"end":{"line":73,"column":1}},"line":71},"3":{"name":"(anonymous_3)","decl":{"start":{"line":75,"column":22},"end":{"line":75,"column":23}},"loc":{"start":{"line":75,"column":42},"end":{"line":99,"column":1}},"line":75}},"branchMap":{"0":{"loc":{"start":{"line":12,"column":4},"end":{"line":14,"column":5}},"type":"if","locations":[{"start":{"line":12,"column":4},"end":{"line":14,"column":5}},{"start":{},"end":{}}],"line":12},"1":{"loc":{"start":{"line":12,"column":8},"end":{"line":12,"column":27}},"type":"binary-expr","locations":[{"start":{"line":12,"column":8},"end":{"line":12,"column":14}},{"start":{"line":12,"column":18},"end":{"line":12,"column":27}}],"line":12},"2":{"loc":{"start":{"line":19,"column":8},"end":{"line":21,"column":9}},"type":"if","locations":[{"start":{"line":19,"column":8},"end":{"line":21,"column":9}},{"start":{},"end":{}}],"line":19},"3":{"loc":{"start":{"line":40,"column":4},"end":{"line":42,"column":5}},"type":"if","locations":[{"start":{"line":40,"column":4},"end":{"line":42,"column":5}},{"start":{},"end":{}}],"line":40},"4":{"loc":{"start":{"line":40,"column":8},"end":{"line":40,"column":27}},"type":"binary-expr","locations":[{"start":{"line":40,"column":8},"end":{"line":40,"column":14}},{"start":{"line":40,"column":18},"end":{"line":40,"column":27}}],"line":40},"5":{"loc":{"start":{"line":47,"column":8},"end":{"line":49,"column":9}},"type":"if","locations":[{"start":{"line":47,"column":8},"end":{"line":49,"column":9}},{"start":{},"end":{}}],"line":47},"6":{"loc":{"start":{"line":54,"column":8},"end":{"line":56,"column":9}},"type":"if","locations":[{"start":{"line":54,"column":8},"end":{"line":56,"column":9}},{"start":{},"end":{}}],"line":54},"7":{"loc":{"start":{"line":77,"column":18},"end":{"line":77,"column":80}},"type":"cond-expr","locations":[{"start":{"line":77,"column":54},"end":{"line":77,"column":73}},{"start":{"line":77,"column":76},"end":{"line":77,"column":80}}],"line":77},"8":{"loc":{"start":{"line":79,"column":4},"end":{"line":81,"column":5}},"type":"if","locations":[{"start":{"line":79,"column":4},"end":{"line":81,"column":5}},{"start":{},"end":{}}],"line":79},"9":{"loc":{"start":{"line":87,"column":8},"end":{"line":89,"column":9}},"type":"if","locations":[{"start":{"line":87,"column":8},"end":{"line":89,"column":9}},{"start":{},"end":{}}],"line":87}},"s":{"0":1,"1":1,"2":1,"3":1,"4":1,"5":1,"6":1,"7":3,"8":3,"9":1,"10":2,"11":2,"12":2,"13":1,"14":1,"15":1,"16":1,"17":0,"18":0,"19":1,"20":4,"21":4,"22":1,"23":3,"24":3,"25":3,"26":1,"27":2,"28":2,"29":2,"30":1,"31":1,"32":1,"33":0,"34":0,"35":1,"36":1,"37":1,"38":4,"39":4,"40":4,"41":1,"42":3,"43":3,"44":2,"45":2,"46":1,"47":1,"48":1,"49":1},"f":{"0":3,"1":4,"2":1,"3":4},"b":{"0":[1,2],"1":[3,3],"2":[1,1],"3":[1,3],"4":[4,4],"5":[1,2],"6":[1,1],"7":[3,1],"8":[1,3],"9":[1,1]},"_coverageSchema":"1a1c01bbd47fc00a2c39e90264f33305004495a9","hash":"21e7987ed67236e253b5fe07d1207d1846f784e6"}
,"/home/blavogiez/Documents/Github/openlatex.github.io/backend/routes/compile.js": {"path":"/home/blavogiez/Documents/Github/openlatex.github.io/backend/routes/compile.js","statementMap":{"0":{"start":{"line":1,"column":16},"end":{"line":1,"column":34}},"1":{"start":{"line":2,"column":20},"end":{"line":2,"column":54}},"2":{"start":{"line":3,"column":17},"end":{"line":3,"column":48}},"3":{"start":{"line":5,"column":15},"end":{"line":5,"column":31}},"4":{"start":{"line":8,"column":0},"end":{"line":47,"column":3}},"5":{"start":{"line":9,"column":32},"end":{"line":9,"column":40}},"6":{"start":{"line":10,"column":4},"end":{"line":10,"column":65}},"7":{"start":{"line":11,"column":4},"end":{"line":11,"column":44}},"8":{"start":{"line":13,"column":4},"end":{"line":15,"column":5}},"9":{"start":{"line":14,"column":8},"end":{"line":14,"column":75}},"10":{"start":{"line":17,"column":22},"end":{"line":17,"column":43}},"11":{"start":{"line":20,"column":4},"end":{"line":46,"column":5}},"12":{"start":{"line":21,"column":8},"end":{"line":21,"column":64}},"13":{"start":{"line":22,"column":8},"end":{"line":22,"column":53}},"14":{"start":{"line":24,"column":23},"end":{"line":24,"column":64}},"15":{"start":{"line":26,"column":8},"end":{"line":37,"column":9}},"16":{"start":{"line":27,"column":12},"end":{"line":31,"column":15}},"17":{"start":{"line":33,"column":12},"end":{"line":36,"column":15}},"18":{"start":{"line":39,"column":8},"end":{"line":39,"column":43}},"19":{"start":{"line":41,"column":8},"end":{"line":41,"column":52}},"20":{"start":{"line":42,"column":8},"end":{"line":44,"column":9}},"21":{"start":{"line":43,"column":12},"end":{"line":43,"column":47}},"22":{"start":{"line":45,"column":8},"end":{"line":45,"column":55}},"23":{"start":{"line":49,"column":0},"end":{"line":49,"column":24}}},"fnMap":{"0":{"name":"(anonymous_0)","decl":{"start":{"line":8,"column":17},"end":{"line":8,"column":18}},"loc":{"start":{"line":8,"column":37},"end":{"line":47,"column":1}},"line":8}},"branchMap":{"0":{"loc":{"start":{"line":13,"column":4},"end":{"line":15,"column":5}},"type":"if","locations":[{"start":{"line":13,"column":4},"end":{"line":15,"column":5}},{"start":{},"end":{}}],"line":13},"1":{"loc":{"start":{"line":13,"column":8},"end":{"line":13,"column":27}},"type":"binary-expr","locations":[{"start":{"line":13,"column":8},"end":{"line":13,"column":14}},{"start":{"line":13,"column":18},"end":{"line":13,"column":27}}],"line":13},"2":{"loc":{"start":{"line":26,"column":8},"end":{"line":37,"column":9}},"type":"if","locations":[{"start":{"line":26,"column":8},"end":{"line":37,"column":9}},{"start":{"line":32,"column":15},"end":{"line":37,"column":9}}],"line":26},"3":{"loc":{"start":{"line":29,"column":22},"end":{"line":29,"column":39}},"type":"binary-expr","locations":[{"start":{"line":29,"column":22},"end":{"line":29,"column":33}},{"start":{"line":29,"column":37},"end":{"line":29,"column":39}}],"line":29},"4":{"loc":{"start":{"line":30,"column":27},"end":{"line":30,"column":52}},"type":"binary-expr","locations":[{"start":{"line":30,"column":27},"end":{"line":30,"column":43}},{"start":{"line":30,"column":47},"end":{"line":30,"column":52}}],"line":30},"5":{"loc":{"start":{"line":42,"column":8},"end":{"line":44,"column":9}},"type":"if","locations":[{"start":{"line":42,"column":8},"end":{"line":44,"column":9}},{"start":{},"end":{}}],"line":42}},"s":{"0":1,"1":1,"2":1,"3":1,"4":1,"5":7,"6":7,"7":7,"8":7,"9":1,"10":6,"11":6,"12":6,"13":6,"14":2,"15":2,"16":1,"17":1,"18":2,"19":4,"20":4,"21":4,"22":4,"23":1},"f":{"0":7},"b":{"0":[1,6],"1":[7,7],"2":[1,1],"3":[1,0],"4":[1,1],"5":[4,0]},"_coverageSchema":"1a1c01bbd47fc00a2c39e90264f33305004495a9","hash":"2c6a2bc326bc8f93696359dc09b6580275d9387e"}
,"/home/blavogiez/Documents/Github/openlatex.github.io/backend/routes/projects.js": {"path":"/home/blavogiez/Documents/Github/openlatex.github.io/backend/routes/projects.js","statementMap":{"0":{"start":{"line":1,"column":16},"end":{"line":1,"column":34}},"1":{"start":{"line":2,"column":21},"end":{"line":2,"column":42}},"2":{"start":{"line":3,"column":23},"end":{"line":3,"column":52}},"3":{"start":{"line":5,"column":15},"end":{"line":5,"column":31}},"4":{"start":{"line":7,"column":0},"end":{"line":7,"column":27}},"5":{"start":{"line":9,"column":25},"end":{"line":11,"column":1}},"6":{"start":{"line":10,"column":4},"end":{"line":10,"column":52}},"7":{"start":{"line":13,"column":24},"end":{"line":18,"column":1}},"8":{"start":{"line":14,"column":4},"end":{"line":16,"column":5}},"9":{"start":{"line":15,"column":8},"end":{"line":15,"column":46}},"10":{"start":{"line":17,"column":4},"end":{"line":17,"column":41}},"11":{"start":{"line":20,"column":24},"end":{"line":25,"column":1}},"12":{"start":{"line":21,"column":4},"end":{"line":23,"column":5}},"13":{"start":{"line":22,"column":8},"end":{"line":22,"column":41}},"14":{"start":{"line":24,"column":4},"end":{"line":24,"column":36}},"15":{"start":{"line":28,"column":0},"end":{"line":39,"column":3}},"16":{"start":{"line":29,"column":4},"end":{"line":38,"column":5}},"17":{"start":{"line":30,"column":23},"end":{"line":33,"column":9}},"18":{"start":{"line":34,"column":8},"end":{"line":34,"column":30}},"19":{"start":{"line":36,"column":8},"end":{"line":36,"column":51}},"20":{"start":{"line":37,"column":8},"end":{"line":37,"column":58}},"21":{"start":{"line":42,"column":0},"end":{"line":88,"column":3}},"22":{"start":{"line":43,"column":41},"end":{"line":43,"column":49}},"23":{"start":{"line":45,"column":4},"end":{"line":47,"column":5}},"24":{"start":{"line":46,"column":8},"end":{"line":46,"column":73}},"25":{"start":{"line":49,"column":4},"end":{"line":87,"column":5}},"26":{"start":{"line":50,"column":8},"end":{"line":50,"column":32}},"27":{"start":{"line":51,"column":8},"end":{"line":83,"column":9}},"28":{"start":{"line":52,"column":34},"end":{"line":55,"column":13}},"29":{"start":{"line":57,"column":30},"end":{"line":57,"column":55}},"30":{"start":{"line":59,"column":27},"end":{"line":59,"column":29}},"31":{"start":{"line":60,"column":27},"end":{"line":60,"column":38}},"32":{"start":{"line":61,"column":29},"end":{"line":61,"column":30}},"33":{"start":{"line":63,"column":12},"end":{"line":68,"column":13}},"34":{"start":{"line":64,"column":38},"end":{"line":64,"column":83}},"35":{"start":{"line":65,"column":16},"end":{"line":65,"column":88}},"36":{"start":{"line":66,"column":16},"end":{"line":66,"column":74}},"37":{"start":{"line":67,"column":16},"end":{"line":67,"column":32}},"38":{"start":{"line":70,"column":12},"end":{"line":75,"column":13}},"39":{"start":{"line":71,"column":16},"end":{"line":74,"column":18}},"40":{"start":{"line":77,"column":12},"end":{"line":77,"column":37}},"41":{"start":{"line":79,"column":12},"end":{"line":79,"column":77}},"42":{"start":{"line":81,"column":12},"end":{"line":81,"column":39}},"43":{"start":{"line":82,"column":12},"end":{"line":82,"column":22}},"44":{"start":{"line":85,"column":8},"end":{"line":85,"column":53}},"45":{"start":{"line":86,"column":8},"end":{"line":86,"column":58}},"46":{"start":{"line":92,"column":0},"end":{"line":129,"column":3}},"47":{"start":{"line":93,"column":20},"end":{"line":93,"column":30}},"48":{"start":{"line":95,"column":4},"end":{"line":128,"column":5}},"49":{"start":{"line":96,"column":30},"end":{"line":96,"column":129}},"50":{"start":{"line":98,"column":8},"end":{"line":100,"column":9}},"51":{"start":{"line":99,"column":12},"end":{"line":99,"column":72}},"52":{"start":{"line":102,"column":24},"end":{"line":102,"column":45}},"53":{"start":{"line":104,"column":8},"end":{"line":106,"column":9}},"54":{"start":{"line":105,"column":12},"end":{"line":105,"column":93}},"55":{"start":{"line":108,"column":28},"end":{"line":108,"column":130}},"56":{"start":{"line":110,"column":22},"end":{"line":116,"column":11}},"57":{"start":{"line":110,"column":52},"end":{"line":116,"column":9}},"58":{"start":{"line":118,"column":8},"end":{"line":124,"column":11}},"59":{"start":{"line":126,"column":8},"end":{"line":126,"column":50}},"60":{"start":{"line":127,"column":8},"end":{"line":127,"column":58}},"61":{"start":{"line":132,"column":0},"end":{"line":192,"column":3}},"62":{"start":{"line":133,"column":20},"end":{"line":133,"column":30}},"63":{"start":{"line":134,"column":41},"end":{"line":134,"column":49}},"64":{"start":{"line":136,"column":4},"end":{"line":138,"column":5}},"65":{"start":{"line":137,"column":8},"end":{"line":137,"column":71}},"66":{"start":{"line":140,"column":4},"end":{"line":191,"column":5}},"67":{"start":{"line":141,"column":28},"end":{"line":144,"column":9}},"68":{"start":{"line":146,"column":8},"end":{"line":148,"column":9}},"69":{"start":{"line":147,"column":12},"end":{"line":147,"column":72}},"70":{"start":{"line":150,"column":8},"end":{"line":152,"column":9}},"71":{"start":{"line":151,"column":12},"end":{"line":151,"column":69}},"72":{"start":{"line":154,"column":8},"end":{"line":154,"column":32}},"73":{"start":{"line":155,"column":8},"end":{"line":185,"column":9}},"74":{"start":{"line":156,"column":12},"end":{"line":159,"column":14}},"75":{"start":{"line":161,"column":12},"end":{"line":161,"column":70}},"76":{"start":{"line":163,"column":27},"end":{"line":163,"column":29}},"77":{"start":{"line":164,"column":27},"end":{"line":164,"column":32}},"78":{"start":{"line":165,"column":29},"end":{"line":165,"column":30}},"79":{"start":{"line":167,"column":12},"end":{"line":172,"column":13}},"80":{"start":{"line":168,"column":38},"end":{"line":168,"column":83}},"81":{"start":{"line":169,"column":16},"end":{"line":169,"column":88}},"82":{"start":{"line":170,"column":16},"end":{"line":170,"column":74}},"83":{"start":{"line":171,"column":16},"end":{"line":171,"column":32}},"84":{"start":{"line":174,"column":12},"end":{"line":179,"column":13}},"85":{"start":{"line":175,"column":16},"end":{"line":178,"column":18}},"86":{"start":{"line":181,"column":12},"end":{"line":181,"column":37}},"87":{"start":{"line":183,"column":12},"end":{"line":183,"column":39}},"88":{"start":{"line":184,"column":12},"end":{"line":184,"column":22}},"89":{"start":{"line":187,"column":8},"end":{"line":187,"column":51}},"90":{"start":{"line":189,"column":8},"end":{"line":189,"column":53}},"91":{"start":{"line":190,"column":8},"end":{"line":190,"column":58}},"92":{"start":{"line":195,"column":0},"end":{"line":219,"column":3}},"93":{"start":{"line":196,"column":20},"end":{"line":196,"column":30}},"94":{"start":{"line":198,"column":4},"end":{"line":218,"column":5}},"95":{"start":{"line":199,"column":28},"end":{"line":202,"column":9}},"96":{"start":{"line":204,"column":8},"end":{"line":206,"column":9}},"97":{"start":{"line":205,"column":12},"end":{"line":205,"column":72}},"98":{"start":{"line":208,"column":8},"end":{"line":210,"column":9}},"99":{"start":{"line":209,"column":12},"end":{"line":209,"column":69}},"100":{"start":{"line":212,"column":8},"end":{"line":212,"column":69}},"101":{"start":{"line":214,"column":8},"end":{"line":214,"column":49}},"102":{"start":{"line":216,"column":8},"end":{"line":216,"column":53}},"103":{"start":{"line":217,"column":8},"end":{"line":217,"column":58}},"104":{"start":{"line":221,"column":0},"end":{"line":221,"column":24}}},"fnMap":{"0":{"name":"(anonymous_0)","decl":{"start":{"line":9,"column":25},"end":{"line":9,"column":26}},"loc":{"start":{"line":9,"column":39},"end":{"line":11,"column":1}},"line":9},"1":{"name":"(anonymous_1)","decl":{"start":{"line":13,"column":24},"end":{"line":13,"column":25}},"loc":{"start":{"line":13,"column":47},"end":{"line":18,"column":1}},"line":13},"2":{"name":"(anonymous_2)","decl":{"start":{"line":20,"column":24},"end":{"line":20,"column":25}},"loc":{"start":{"line":20,"column":46},"end":{"line":25,"column":1}},"line":20},"3":{"name":"(anonymous_3)","decl":{"start":{"line":28,"column":16},"end":{"line":28,"column":17}},"loc":{"start":{"line":28,"column":36},"end":{"line":39,"column":1}},"line":28},"4":{"name":"(anonymous_4)","decl":{"start":{"line":42,"column":17},"end":{"line":42,"column":18}},"loc":{"start":{"line":42,"column":37},"end":{"line":88,"column":1}},"line":42},"5":{"name":"(anonymous_5)","decl":{"start":{"line":92,"column":20},"end":{"line":92,"column":21}},"loc":{"start":{"line":92,"column":40},"end":{"line":129,"column":1}},"line":92},"6":{"name":"(anonymous_6)","decl":{"start":{"line":110,"column":43},"end":{"line":110,"column":44}},"loc":{"start":{"line":110,"column":52},"end":{"line":116,"column":9}},"line":110},"7":{"name":"(anonymous_7)","decl":{"start":{"line":132,"column":20},"end":{"line":132,"column":21}},"loc":{"start":{"line":132,"column":40},"end":{"line":192,"column":1}},"line":132},"8":{"name":"(anonymous_8)","decl":{"start":{"line":195,"column":23},"end":{"line":195,"column":24}},"loc":{"start":{"line":195,"column":43},"end":{"line":219,"column":1}},"line":195}},"branchMap":{"0":{"loc":{"start":{"line":14,"column":4},"end":{"line":16,"column":5}},"type":"if","locations":[{"start":{"line":14,"column":4},"end":{"line":16,"column":5}},{"start":{},"end":{}}],"line":14},"1":{"loc":{"start":{"line":21,"column":4},"end":{"line":23,"column":5}},"type":"if","locations":[{"start":{"line":21,"column":4},"end":{"line":23,"column":5}},{"start":{},"end":{}}],"line":21},"2":{"loc":{"start":{"line":45,"column":4},"end":{"line":47,"column":5}},"type":"if","locations":[{"start":{"line":45,"column":4},"end":{"line":47,"column":5}},{"start":{},"end":{}}],"line":45},"3":{"loc":{"start":{"line":45,"column":8},"end":{"line":45,"column":48}},"type":"binary-expr","locations":[{"start":{"line":45,"column":8},"end":{"line":45,"column":13}},{"start":{"line":45,"column":17},"end":{"line":45,"column":23}},{"start":{"line":45,"column":27},"end":{"line":45,"column":48}}],"line":45},"4":{"loc":{"start":{"line":54,"column":35},"end":{"line":54,"column":54}},"type":"binary-expr","locations":[{"start":{"line":54,"column":35},"end":{"line":54,"column":46}},{"start":{"line":54,"column":50},"end":{"line":54,"column":54}}],"line":54},"5":{"loc":{"start":{"line":70,"column":12},"end":{"line":75,"column":13}},"type":"if","locations":[{"start":{"line":70,"column":12},"end":{"line":75,"column":13}},{"start":{},"end":{}}],"line":70},"6":{"loc":{"start":{"line":98,"column":8},"end":{"line":100,"column":9}},"type":"if","locations":[{"start":{"line":98,"column":8},"end":{"line":100,"column":9}},{"start":{},"end":{}}],"line":98},"7":{"loc":{"start":{"line":104,"column":8},"end":{"line":106,"column":9}},"type":"if","locations":[{"start":{"line":104,"column":8},"end":{"line":106,"column":9}},{"start":{},"end":{}}],"line":104},"8":{"loc":{"start":{"line":136,"column":4},"end":{"line":138,"column":5}},"type":"if","locations":[{"start":{"line":136,"column":4},"end":{"line":138,"column":5}},{"start":{},"end":{}}],"line":136},"9":{"loc":{"start":{"line":136,"column":8},"end":{"line":136,"column":48}},"type":"binary-expr","locations":[{"start":{"line":136,"column":8},"end":{"line":136,"column":13}},{"start":{"line":136,"column":17},"end":{"line":136,"column":23}},{"start":{"line":136,"column":27},"end":{"line":136,"column":48}}],"line":136},"10":{"loc":{"start":{"line":146,"column":8},"end":{"line":148,"column":9}},"type":"if","locations":[{"start":{"line":146,"column":8},"end":{"line":148,"column":9}},{"start":{},"end":{}}],"line":146},"11":{"loc":{"start":{"line":150,"column":8},"end":{"line":152,"column":9}},"type":"if","locations":[{"start":{"line":150,"column":8},"end":{"line":152,"column":9}},{"start":{},"end":{}}],"line":150},"12":{"loc":{"start":{"line":158,"column":23},"end":{"line":158,"column":42}},"type":"binary-expr","locations":[{"start":{"line":158,"column":23},"end":{"line":158,"column":34}},{"start":{"line":158,"column":38},"end":{"line":158,"column":42}}],"line":158},"13":{"loc":{"start":{"line":174,"column":12},"end":{"line":179,"column":13}},"type":"if","locations":[{"start":{"line":174,"column":12},"end":{"line":179,"column":13}},{"start":{},"end":{}}],"line":174},"14":{"loc":{"start":{"line":204,"column":8},"end":{"line":206,"column":9}},"type":"if","locations":[{"start":{"line":204,"column":8},"end":{"line":206,"column":9}},{"start":{},"end":{}}],"line":204},"15":{"loc":{"start":{"line":208,"column":8},"end":{"line":210,"column":9}},"type":"if","locations":[{"start":{"line":208,"column":8},"end":{"line":210,"column":9}},{"start":{},"end":{}}],"line":208}},"s":{"0":1,"1":1,"2":1,"3":1,"4":1,"5":1,"6":6,"7":1,"8":4,"9":1,"10":3,"11":1,"12":2,"13":1,"14":1,"15":1,"16":2,"17":2,"18":1,"19":1,"20":1,"21":1,"22":5,"23":5,"24":2,"25":3,"26":3,"27":3,"28":3,"29":3,"30":3,"31":3,"32":3,"33":3,"34":3,"35":3,"36":3,"37":3,"38":3,"39":3,"40":2,"41":2,"42":1,"43":1,"44":1,"45":1,"46":1,"47":4,"48":4,"49":4,"50":4,"51":1,"52":3,"53":3,"54":1,"55":2,"56":2,"57":2,"58":2,"59":0,"60":0,"61":1,"62":3,"63":3,"64":3,"65":0,"66":3,"67":3,"68":3,"69":1,"70":2,"71":1,"72":1,"73":1,"74":1,"75":1,"76":1,"77":1,"78":1,"79":1,"80":1,"81":1,"82":1,"83":1,"84":1,"85":1,"86":1,"87":0,"88":0,"89":1,"90":0,"91":0,"92":1,"93":3,"94":3,"95":3,"96":3,"97":1,"98":2,"99":1,"100":1,"101":1,"102":0,"103":0,"104":1},"f":{"0":6,"1":4,"2":2,"3":2,"4":5,"5":4,"6":2,"7":3,"8":3},"b":{"0":[1,3],"1":[1,1],"2":[2,3],"3":[5,4,4],"4":[3,2],"5":[3,0],"6":[1,3],"7":[1,2],"8":[0,3],"9":[3,3,3],"10":[1,2],"11":[1,1],"12":[1,0],"13":[1,0],"14":[1,2],"15":[1,1]},"_coverageSchema":"1a1c01bbd47fc00a2c39e90264f33305004495a9","hash":"438bfd2fe5f11fb809e78fa18671d3b87c13f55b"}
}
