TN:
SF:compiler/Compiler.js
FN:9,(anonymous_0)
FN:77,(anonymous_1)
FNF:2
FNH:2
FNDA:7,(anonymous_0)
FNDA:4,(anonymous_1)
DA:1,2
DA:2,2
DA:3,2
DA:4,2
DA:6,2
DA:10,7
DA:11,7
DA:13,7
DA:14,3
DA:17,4
DA:18,4
DA:20,4
DA:22,4
DA:24,4
DA:25,4
DA:31,2
DA:32,2
DA:33,2
DA:34,2
DA:35,0
DA:38,2
DA:39,2
DA:41,2
DA:48,2
DA:49,2
DA:50,2
DA:51,2
DA:53,2
DA:54,1
DA:57,2
DA:58,2
DA:59,1
DA:60,1
DA:61,1
DA:69,1
DA:78,4
DA:79,4
DA:80,2
DA:82,2
DA:87,2
LF:40
LH:39
BRDA:13,0,0,3
BRDA:13,0,1,4
BRDA:34,1,0,0
BRDA:34,1,1,2
BRDA:49,2,0,2
BRDA:49,2,1,0
BRDA:53,3,0,1
BRDA:53,3,1,1
BRDA:58,4,0,1
BRDA:58,4,1,1
BRDA:64,5,0,1
BRDA:64,5,1,0
BRDA:64,5,2,0
BRDA:72,6,0,1
BRDA:72,6,1,0
BRDA:72,6,2,0
BRF:16
BRH:10
end_of_record
TN:
SF:compiler/FileManager.js
FN:5,(anonymous_0)
FN:11,(anonymous_1)
FN:39,(anonymous_2)
FN:47,(anonymous_3)
FNF:4
FNH:4
FNDA:1,(anonymous_0)
FNDA:6,(anonymous_1)
FNDA:2,(anonymous_2)
FNDA:9,(anonymous_3)
DA:1,2
DA:2,2
DA:6,1
DA:7,1
DA:8,1
DA:12,6
DA:13,6
DA:14,3
DA:17,3
DA:18,3
DA:20,3
DA:21,0
DA:24,3
DA:25,3
DA:27,3
DA:28,3
DA:30,3
DA:31,1
DA:32,1
DA:34,2
DA:40,2
DA:41,2
DA:43,1
DA:48,9
DA:49,9
DA:50,9
DA:54,2
LF:27
LH:26
BRDA:13,0,0,3
BRDA:13,0,1,3
BRDA:13,1,0,6
BRDA:13,1,1,4
BRDA:20,2,0,0
BRDA:20,2,1,3
BRDA:28,3,0,1
BRDA:28,3,1,2
BRDA:30,4,0,1
BRDA:30,4,1,2
BRF:10
BRH:9
end_of_record
TN:
SF:db/pool.js
FN:12,(anonymous_0)
FN:16,(anonymous_1)
FN:21,(anonymous_2)
FNF:3
FNH:1
FNDA:0,(anonymous_0)
FNDA:0,(anonymous_1)
FNDA:3,(anonymous_2)
DA:1,3
DA:2,3
DA:4,3
DA:12,3
DA:13,0
DA:16,3
DA:17,0
DA:18,0
DA:21,3
DA:23,3
LF:10
LH:7
BRF:0
BRH:0
end_of_record
TN:
SF:middleware/auth.js
FN:4,(anonymous_0)
FNF:1
FNH:1
FNDA:4,(anonymous_0)
DA:1,2
DA:2,2
DA:4,2
DA:5,4
DA:6,4
DA:8,4
DA:9,2
DA:12,2
DA:13,2
DA:14,1
DA:15,1
DA:17,1
DA:21,2
LF:13
LH:13
BRDA:6,0,0,2
BRDA:6,0,1,2
BRDA:8,1,0,2
BRDA:8,1,1,2
BRF:4
BRH:4
end_of_record
TN:
SF:middleware/rateLimiter.js
FN:21,(anonymous_0)
FNF:1
FNH:1
FNDA:4,(anonymous_0)
DA:1,8
DA:2,8
DA:3,8
DA:6,8
DA:15,8
DA:22,4
DA:23,4
DA:24,4
DA:25,2
DA:26,2
DA:27,1
DA:28,1
DA:30,1
DA:31,1
DA:34,2
DA:35,2
DA:39,8
LF:17
LH:17
BRDA:23,0,0,2
BRDA:23,0,1,2
BRDA:24,1,0,2
BRDA:24,1,1,2
BRF:4
BRH:4
end_of_record
TN:
SF:routes/auth.js
FN:9,(anonymous_0)
FN:37,(anonymous_1)
FN:71,(anonymous_2)
FN:75,(anonymous_3)
FNF:4
FNH:4
FNDA:3,(anonymous_0)
FNDA:4,(anonymous_1)
FNDA:1,(anonymous_2)
FNDA:4,(anonymous_3)
DA:1,1
DA:2,1
DA:3,1
DA:4,1
DA:5,1
DA:7,1
DA:9,1
DA:10,3
DA:12,3
DA:13,1
DA:16,2
DA:17,2
DA:19,2
DA:20,1
DA:23,1
DA:25,1
DA:30,1
DA:32,0
DA:33,0
DA:37,1
DA:38,4
DA:40,4
DA:41,1
DA:44,3
DA:45,3
DA:47,3
DA:48,1
DA:51,2
DA:52,2
DA:54,2
DA:55,1
DA:58,1
DA:64,1
DA:66,0
DA:67,0
DA:71,1
DA:72,1
DA:75,1
DA:76,4
DA:77,4
DA:79,4
DA:80,1
DA:83,3
DA:84,3
DA:85,2
DA:87,2
DA:88,1
DA:91,1
DA:97,1
DA:101,1
LF:50
LH:46
BRDA:12,0,0,1
BRDA:12,0,1,2
BRDA:12,1,0,3
BRDA:12,1,1,3
BRDA:19,2,0,1
BRDA:19,2,1,1
BRDA:40,3,0,1
BRDA:40,3,1,3
BRDA:40,4,0,4
BRDA:40,4,1,4
BRDA:47,5,0,1
BRDA:47,5,1,2
BRDA:54,6,0,1
BRDA:54,6,1,1
BRDA:77,7,0,3
BRDA:77,7,1,1
BRDA:79,8,0,1
BRDA:79,8,1,3
BRDA:87,9,0,1
BRDA:87,9,1,1
BRF:20
BRH:20
end_of_record
TN:
SF:routes/compile.js
FN:8,(anonymous_0)
FNF:1
FNH:1
FNDA:7,(anonymous_0)
DA:1,1
DA:2,1
DA:3,1
DA:5,1
DA:8,1
DA:9,7
DA:10,7
DA:11,7
DA:13,7
DA:14,1
DA:17,6
DA:20,6
DA:21,6
DA:22,6
DA:24,2
DA:26,2
DA:27,1
DA:33,1
DA:39,2
DA:41,4
DA:42,4
DA:43,4
DA:45,4
DA:49,1
LF:24
LH:24
BRDA:13,0,0,1
BRDA:13,0,1,6
BRDA:13,1,0,7
BRDA:13,1,1,7
BRDA:26,2,0,1
BRDA:26,2,1,1
BRDA:29,3,0,1
BRDA:29,3,1,0
BRDA:30,4,0,1
BRDA:30,4,1,1
BRDA:42,5,0,4
BRDA:42,5,1,0
BRF:12
BRH:10
end_of_record
TN:
SF:routes/projects.js
FN:9,(anonymous_0)
FN:13,(anonymous_1)
FN:20,(anonymous_2)
FN:28,(anonymous_3)
FN:42,(anonymous_4)
FN:92,(anonymous_5)
FN:110,(anonymous_6)
FN:132,(anonymous_7)
FN:195,(anonymous_8)
FNF:9
FNH:9
FNDA:6,(anonymous_0)
FNDA:4,(anonymous_1)
FNDA:2,(anonymous_2)
FNDA:2,(anonymous_3)
FNDA:5,(anonymous_4)
FNDA:4,(anonymous_5)
FNDA:2,(anonymous_6)
FNDA:3,(anonymous_7)
FNDA:3,(anonymous_8)
DA:1,1
DA:2,1
DA:3,1
DA:5,1
DA:7,1
DA:9,1
DA:10,6
DA:13,1
DA:14,4
DA:15,1
DA:17,3
DA:20,1
DA:21,2
DA:22,1
DA:24,1
DA:28,1
DA:29,2
DA:30,2
DA:34,1
DA:36,1
DA:37,1
DA:42,1
DA:43,5
DA:45,5
DA:46,2
DA:49,3
DA:50,3
DA:51,3
DA:52,3
DA:57,3
DA:59,3
DA:60,3
DA:61,3
DA:63,3
DA:64,3
DA:65,3
DA:66,3
DA:67,3
DA:70,3
DA:71,3
DA:77,2
DA:79,2
DA:81,1
DA:82,1
DA:85,1
DA:86,1
DA:92,1
DA:93,4
DA:95,4
DA:96,4
DA:98,4
DA:99,1
DA:102,3
DA:104,3
DA:105,1
DA:108,2
DA:110,2
DA:118,2
DA:126,0
DA:127,0
DA:132,1
DA:133,3
DA:134,3
DA:136,3
DA:137,0
DA:140,3
DA:141,3
DA:146,3
DA:147,1
DA:150,2
DA:151,1
DA:154,1
DA:155,1
DA:156,1
DA:161,1
DA:163,1
DA:164,1
DA:165,1
DA:167,1
DA:168,1
DA:169,1
DA:170,1
DA:171,1
DA:174,1
DA:175,1
DA:181,1
DA:183,0
DA:184,0
DA:187,1
DA:189,0
DA:190,0
DA:195,1
DA:196,3
DA:198,3
DA:199,3
DA:204,3
DA:205,1
DA:208,2
DA:209,1
DA:212,1
DA:214,1
DA:216,0
DA:217,0
DA:221,1
LF:104
LH:95
BRDA:14,0,0,1
BRDA:14,0,1,3
BRDA:21,1,0,1
BRDA:21,1,1,1
BRDA:45,2,0,2
BRDA:45,2,1,3
BRDA:45,3,0,5
BRDA:45,3,1,4
BRDA:45,3,2,4
BRDA:54,4,0,3
BRDA:54,4,1,2
BRDA:70,5,0,3
BRDA:70,5,1,0
BRDA:98,6,0,1
BRDA:98,6,1,3
BRDA:104,7,0,1
BRDA:104,7,1,2
BRDA:136,8,0,0
BRDA:136,8,1,3
BRDA:136,9,0,3
BRDA:136,9,1,3
BRDA:136,9,2,3
BRDA:146,10,0,1
BRDA:146,10,1,2
BRDA:150,11,0,1
BRDA:150,11,1,1
BRDA:158,12,0,1
BRDA:158,12,1,0
BRDA:174,13,0,1
BRDA:174,13,1,0
BRDA:204,14,0,1
BRDA:204,14,1,2
BRDA:208,15,0,1
BRDA:208,15,1,1
BRF:34
BRH:30
end_of_record
